[debug] [2017-08-04T18:30:17.024Z] ----------------------------------------------------------------------
[debug] [2017-08-04T18:30:17.048Z] Command:       C:\Program Files\nodejs\node.exe C:\Users\RAMPRIT\AppData\Roaming\npm\node_modules\firebase-tools\bin\firebase serve
[debug] [2017-08-04T18:30:17.050Z] CLI Version:   3.9.2
[debug] [2017-08-04T18:30:17.050Z] Platform:      win32
[debug] [2017-08-04T18:30:17.050Z] Node Version:  v6.11.1
[debug] [2017-08-04T18:30:17.051Z] Time:          Sat Aug 05 2017 00:00:17 GMT+0530 (India Standard Time)
[debug] [2017-08-04T18:30:17.051Z] ----------------------------------------------------------------------
[debug] 
[debug] [2017-08-04T18:30:17.119Z] > command requires scopes: ["email","openid","https://www.googleapis.com/auth/cloudplatformprojects.readonly","https://www.googleapis.com/auth/firebase","https://www.googleapis.com/auth/cloud-platform"]
[debug] [2017-08-04T18:30:17.120Z] > authorizing via signed-in user
[debug] [2017-08-04T18:30:17.129Z] > refreshing access token with scopes: ["email","https://www.googleapis.com/auth/cloud-platform","https://www.googleapis.com/auth/cloudplatformprojects.readonly","https://www.googleapis.com/auth/firebase","openid"]
[debug] [2017-08-04T18:30:17.130Z] >>> HTTP REQUEST POST https://www.googleapis.com/oauth2/v3/token { refresh_token: '1/sa6VQyXpiX-tTufuLMKplYryH0-EYqHcuXH9_l8oT-A',
  client_id: '563584335869-fgrhgmd47bqnekij5i8b5pr03ho849e6.apps.googleusercontent.com',
  client_secret: 'j9iVZfS8kkCEFUPaAeJV0sAi',
  grant_type: 'refresh_token',
  scope: 'email https://www.googleapis.com/auth/cloud-platform https://www.googleapis.com/auth/cloudplatformprojects.readonly https://www.googleapis.com/auth/firebase openid' } 
 Sat Aug 05 2017 00:00:17 GMT+0530 (India Standard Time)
[debug] [2017-08-04T18:30:17.779Z] <<< HTTP RESPONSE 200
[debug] [2017-08-04T18:30:18.017Z] >>> HTTP REQUEST GET https://admin.firebase.com/v1/projects/myangular4application  
 Sat Aug 05 2017 00:00:18 GMT+0530 (India Standard Time)
[debug] [2017-08-04T18:30:19.766Z] <<< HTTP RESPONSE 200
[debug] [2017-08-04T18:30:19.770Z] >>> HTTP REQUEST GET https://admin.firebase.com/v1/database/myangular4application/tokens  
 Sat Aug 05 2017 00:00:19 GMT+0530 (India Standard Time)
[debug] [2017-08-04T18:30:21.209Z] <<< HTTP RESPONSE 200
[info] 
[info] === Serving from 'E:\Angular4Application\MyAngular4Application'...
[info] 
[debug] [2017-08-04T18:30:21.224Z] >>> HTTP REQUEST GET https://cloudresourcemanager.googleapis.com/v1/projects/myangular4application  
 Sat Aug 05 2017 00:00:21 GMT+0530 (India Standard Time)
[debug] [2017-08-04T18:30:22.806Z] <<< HTTP RESPONSE 200
[debug] [2017-08-04T18:30:22.809Z] >>> HTTP REQUEST GET https://mobilesdk-pa.googleapis.com/v1/projects/696088671260/clients/_:getWebAppConfig  
 Sat Aug 05 2017 00:00:22 GMT+0530 (India Standard Time)
[debug] [2017-08-04T18:30:23.658Z] <<< HTTP RESPONSE 200
[info] i  hosting: Serving hosting files from: dist
[info] +  hosting: Local server: http://localhost:5000

